Analysis & Synthesis report for ROBOT
Fri Mar 13 12:32:16 2026
Quartus II 32-bit Version 13.0.1 Build 232 06/12/2013 Service Pack 1 SJ Full Version


---------------------
; Table of Contents ;
---------------------
  1. Legal Notice
  2. Analysis & Synthesis Summary
  3. Analysis & Synthesis Settings
  4. Parallel Compilation
  5. Analysis & Synthesis Messages
  6. Analysis & Synthesis Suppressed Messages



----------------
; Legal Notice ;
----------------
Copyright (C) 1991-2013 Altera Corporation
Your use of Altera Corporation's design tools, logic functions 
and other software and tools, and its AMPP partner logic 
functions, and any output files from any of the foregoing 
(including device programming or simulation files), and any 
associated documentation or information are expressly subject 
to the terms and conditions of the Altera Program License 
Subscription Agreement, Altera MegaCore Function License 
Agreement, or other applicable license agreement, including, 
without limitation, that your use is for the sole purpose of 
programming logic devices manufactured by Altera and sold by 
Altera or its authorized distributors.  Please refer to the 
applicable agreement for further details.



+---------------------------------------------------------------------------------------+
; Analysis & Synthesis Summary                                                          ;
+------------------------------------+--------------------------------------------------+
; Analysis & Synthesis Status        ; Failed - Fri Mar 13 12:32:16 2026                ;
; Quartus II 32-bit Version          ; 13.0.1 Build 232 06/12/2013 SP 1 SJ Full Version ;
; Revision Name                      ; ROBOT                                            ;
; Top-level Entity Name              ; ROBOT                                            ;
; Family                             ; Cyclone IV E                                     ;
; Total logic elements               ; N/A until Partition Merge                        ;
;     Total combinational functions  ; N/A until Partition Merge                        ;
;     Dedicated logic registers      ; N/A until Partition Merge                        ;
; Total registers                    ; N/A until Partition Merge                        ;
; Total pins                         ; N/A until Partition Merge                        ;
; Total virtual pins                 ; N/A until Partition Merge                        ;
; Total memory bits                  ; N/A until Partition Merge                        ;
; Embedded Multiplier 9-bit elements ; N/A until Partition Merge                        ;
; Total PLLs                         ; N/A until Partition Merge                        ;
+------------------------------------+--------------------------------------------------+


+----------------------------------------------------------------------------------------------------------------------+
; Analysis & Synthesis Settings                                                                                        ;
+----------------------------------------------------------------------------+--------------------+--------------------+
; Option                                                                     ; Setting            ; Default Value      ;
+----------------------------------------------------------------------------+--------------------+--------------------+
; Device                                                                     ; EP4CE22F17C6       ;                    ;
; Top-level entity name                                                      ; ROBOT              ; ROBOT              ;
; Family name                                                                ; Cyclone IV E       ; Cyclone IV GX      ;
; Use smart compilation                                                      ; Off                ; Off                ;
; Enable parallel Assembler and TimeQuest Timing Analyzer during compilation ; On                 ; On                 ;
; Enable compact report table                                                ; Off                ; Off                ;
; Restructure Multiplexers                                                   ; Auto               ; Auto               ;
; Create Debugging Nodes for IP Cores                                        ; Off                ; Off                ;
; Preserve fewer node names                                                  ; On                 ; On                 ;
; Disable OpenCore Plus hardware evaluation                                  ; Off                ; Off                ;
; Verilog Version                                                            ; Verilog_2001       ; Verilog_2001       ;
; VHDL Version                                                               ; VHDL_1993          ; VHDL_1993          ;
; State Machine Processing                                                   ; Auto               ; Auto               ;
; Safe State Machine                                                         ; Off                ; Off                ;
; Extract Verilog State Machines                                             ; On                 ; On                 ;
; Extract VHDL State Machines                                                ; On                 ; On                 ;
; Ignore Verilog initial constructs                                          ; Off                ; Off                ;
; Iteration limit for constant Verilog loops                                 ; 5000               ; 5000               ;
; Iteration limit for non-constant Verilog loops                             ; 250                ; 250                ;
; Add Pass-Through Logic to Inferred RAMs                                    ; On                 ; On                 ;
; Infer RAMs from Raw Logic                                                  ; On                 ; On                 ;
; Parallel Synthesis                                                         ; On                 ; On                 ;
; DSP Block Balancing                                                        ; Auto               ; Auto               ;
; NOT Gate Push-Back                                                         ; On                 ; On                 ;
; Power-Up Don't Care                                                        ; On                 ; On                 ;
; Remove Redundant Logic Cells                                               ; Off                ; Off                ;
; Remove Duplicate Registers                                                 ; On                 ; On                 ;
; Ignore CARRY Buffers                                                       ; Off                ; Off                ;
; Ignore CASCADE Buffers                                                     ; Off                ; Off                ;
; Ignore GLOBAL Buffers                                                      ; Off                ; Off                ;
; Ignore ROW GLOBAL Buffers                                                  ; Off                ; Off                ;
; Ignore LCELL Buffers                                                       ; Off                ; Off                ;
; Ignore SOFT Buffers                                                        ; On                 ; On                 ;
; Limit AHDL Integers to 32 Bits                                             ; Off                ; Off                ;
; Optimization Technique                                                     ; Balanced           ; Balanced           ;
; Carry Chain Length                                                         ; 70                 ; 70                 ;
; Auto Carry Chains                                                          ; On                 ; On                 ;
; Auto Open-Drain Pins                                                       ; On                 ; On                 ;
; Perform WYSIWYG Primitive Resynthesis                                      ; Off                ; Off                ;
; Auto ROM Replacement                                                       ; On                 ; On                 ;
; Auto RAM Replacement                                                       ; On                 ; On                 ;
; Auto DSP Block Replacement                                                 ; On                 ; On                 ;
; Auto Shift Register Replacement                                            ; Auto               ; Auto               ;
; Allow Shift Register Merging across Hierarchies                            ; Auto               ; Auto               ;
; Auto Clock Enable Replacement                                              ; On                 ; On                 ;
; Strict RAM Replacement                                                     ; Off                ; Off                ;
; Allow Synchronous Control Signals                                          ; On                 ; On                 ;
; Force Use of Synchronous Clear Signals                                     ; Off                ; Off                ;
; Auto RAM Block Balancing                                                   ; On                 ; On                 ;
; Auto RAM to Logic Cell Conversion                                          ; Off                ; Off                ;
; Auto Resource Sharing                                                      ; Off                ; Off                ;
; Allow Any RAM Size For Recognition                                         ; Off                ; Off                ;
; Allow Any ROM Size For Recognition                                         ; Off                ; Off                ;
; Allow Any Shift Register Size For Recognition                              ; Off                ; Off                ;
; Use LogicLock Constraints during Resource Balancing                        ; On                 ; On                 ;
; Ignore translate_off and synthesis_off directives                          ; Off                ; Off                ;
; Timing-Driven Synthesis                                                    ; On                 ; On                 ;
; Report Parameter Settings                                                  ; On                 ; On                 ;
; Report Source Assignments                                                  ; On                 ; On                 ;
; Report Connectivity Checks                                                 ; On                 ; On                 ;
; Ignore Maximum Fan-Out Assignments                                         ; Off                ; Off                ;
; Synchronization Register Chain Length                                      ; 2                  ; 2                  ;
; PowerPlay Power Optimization                                               ; Normal compilation ; Normal compilation ;
; HDL message level                                                          ; Level2             ; Level2             ;
; Suppress Register Optimization Related Messages                            ; Off                ; Off                ;
; Number of Removed Registers Reported in Synthesis Report                   ; 5000               ; 5000               ;
; Number of Swept Nodes Reported in Synthesis Report                         ; 5000               ; 5000               ;
; Number of Inverted Registers Reported in Synthesis Report                  ; 100                ; 100                ;
; Clock MUX Protection                                                       ; On                 ; On                 ;
; Auto Gated Clock Conversion                                                ; Off                ; Off                ;
; Block Design Naming                                                        ; Auto               ; Auto               ;
; SDC constraint protection                                                  ; Off                ; Off                ;
; Synthesis Effort                                                           ; Auto               ; Auto               ;
; Shift Register Replacement - Allow Asynchronous Clear Signal               ; On                 ; On                 ;
; Pre-Mapping Resynthesis Optimization                                       ; Off                ; Off                ;
; Analysis & Synthesis Message Level                                         ; Medium             ; Medium             ;
; Disable Register Merging Across Hierarchies                                ; Auto               ; Auto               ;
; Resource Aware Inference For Block RAM                                     ; On                 ; On                 ;
; Synthesis Seed                                                             ; 1                  ; 1                  ;
+----------------------------------------------------------------------------+--------------------+--------------------+


+------------------------------------------+
; Parallel Compilation                     ;
+----------------------------+-------------+
; Processors                 ; Number      ;
+----------------------------+-------------+
; Number detected on machine ; 24          ;
; Maximum allowed            ; 16          ;
;                            ;             ;
; Average used               ; 1.00        ;
; Maximum used               ; 1           ;
;                            ;             ;
; Usage by Processor         ; % Time Used ;
;     Processor 1            ; 100.0%      ;
;     Processors 2-24        ;   0.0%      ;
+----------------------------+-------------+


+-------------------------------+
; Analysis & Synthesis Messages ;
+-------------------------------+
Info: *******************************************************************
Info: Running Quartus II 32-bit Analysis & Synthesis
    Info: Version 13.0.1 Build 232 06/12/2013 Service Pack 1 SJ Full Version
    Info: Processing started: Fri Mar 13 12:31:38 2026
Info: Command: quartus_map --read_settings_files=on --write_settings_files=off ROBOT -c ROBOT
Info (11104): Parallel Compilation has detected 24 hyper-threaded processors. However, the extra hyper-threaded processors will not be used by default. Parallel Compilation will use 16 of the 16 physical processors detected instead.
Info (12248): Elaborating Qsys system entity "nios_system_sdram.qsys"
Info (12250): 2026.03.13.12:31:48 Progress: Loading ROBOT/nios_system_sdram.qsys
Info (12250): 2026.03.13.12:31:48 Progress: Reading input file
Info (12250): 2026.03.13.12:31:48 Progress: Adding clk_0 [clock_source 13.0]
Info (12250): 2026.03.13.12:31:48 Progress: Parameterizing module clk_0
Info (12250): 2026.03.13.12:31:48 Progress: Adding nios2_qsys_0 [altera_nios2_qsys 13.0]
Info (12250): 2026.03.13.12:31:49 Progress: Parameterizing module nios2_qsys_0
Info (12250): 2026.03.13.12:31:49 Progress: Adding onchip_memory2_0 [altera_avalon_onchip_memory2 13.0.1.99.2]
Info (12250): 2026.03.13.12:31:49 Progress: Parameterizing module onchip_memory2_0
Info (12250): 2026.03.13.12:31:49 Progress: Adding switches [altera_avalon_pio 13.0.1.99.2]
Info (12250): 2026.03.13.12:31:49 Progress: Parameterizing module switches
Info (12250): 2026.03.13.12:31:49 Progress: Adding LEDs [altera_avalon_pio 13.0.1.99.2]
Info (12250): 2026.03.13.12:31:49 Progress: Parameterizing module LEDs
Info (12250): 2026.03.13.12:31:49 Progress: Adding jtag_uart_0 [altera_avalon_jtag_uart 13.0.1.99.2]
Info (12250): 2026.03.13.12:31:49 Progress: Parameterizing module jtag_uart_0
Info (12250): 2026.03.13.12:31:49 Progress: Adding sdram [altera_avalon_new_sdram_controller 13.0.1.99.2]
Info (12250): 2026.03.13.12:31:49 Progress: Parameterizing module sdram
Info (12250): 2026.03.13.12:31:49 Progress: Adding motor_right [altera_avalon_pio 13.0.1.99.2]
Info (12250): 2026.03.13.12:31:49 Progress: Parameterizing module motor_right
Info (12250): 2026.03.13.12:31:49 Progress: Adding motor_left [altera_avalon_pio 13.0.1.99.2]
Info (12250): 2026.03.13.12:31:49 Progress: Parameterizing module motor_left
Info (12250): 2026.03.13.12:31:49 Progress: Adding clocks [altera_up_clocks 13.0]
Info (12250): 2026.03.13.12:31:49 Progress: Parameterizing module clocks
Info (12250): 2026.03.13.12:31:49 Progress: Adding sensor_control [altera_avalon_pio 13.0.1.99.2]
Info (12250): 2026.03.13.12:31:49 Progress: Parameterizing module sensor_control
Info (12250): 2026.03.13.12:31:49 Progress: Adding sensor_status [altera_avalon_pio 13.0.1.99.2]
Info (12250): 2026.03.13.12:31:49 Progress: Parameterizing module sensor_status
Info (12250): 2026.03.13.12:31:49 Progress: Adding sensor_data0 [altera_avalon_pio 13.0.1.99.2]
Info (12250): 2026.03.13.12:31:49 Progress: Parameterizing module sensor_data0
Info (12250): 2026.03.13.12:31:49 Progress: Adding sensor_data1 [altera_avalon_pio 13.0.1.99.2]
Info (12250): 2026.03.13.12:31:49 Progress: Parameterizing module sensor_data1
Info (12250): 2026.03.13.12:31:49 Progress: Adding sensor_data2 [altera_avalon_pio 13.0.1.99.2]
Info (12250): 2026.03.13.12:31:49 Progress: Parameterizing module sensor_data2
Info (12250): 2026.03.13.12:31:49 Progress: Adding sensor_data3 [altera_avalon_pio 13.0.1.99.2]
Info (12250): 2026.03.13.12:31:49 Progress: Parameterizing module sensor_data3
Info (12250): 2026.03.13.12:31:49 Progress: Adding sensor_data4 [altera_avalon_pio 13.0.1.99.2]
Info (12250): 2026.03.13.12:31:49 Progress: Parameterizing module sensor_data4
Info (12250): 2026.03.13.12:31:49 Progress: Adding sensor_data5 [altera_avalon_pio 13.0.1.99.2]
Info (12250): 2026.03.13.12:31:49 Progress: Parameterizing module sensor_data5
Info (12250): 2026.03.13.12:31:49 Progress: Adding sensor_data6 [altera_avalon_pio 13.0.1.99.2]
Info (12250): 2026.03.13.12:31:49 Progress: Parameterizing module sensor_data6
Info (12250): 2026.03.13.12:31:49 Progress: Adding position_ligne [altera_avalon_pio 13.0.1.99.2]
Info (12250): 2026.03.13.12:31:49 Progress: Parameterizing module position_ligne
Info (12250): 2026.03.13.12:31:49 Progress: Building connections
Info (12250): 2026.03.13.12:31:49 Progress: Parameterizing connections
Info (12250): 2026.03.13.12:31:49 Progress: Validating
Info (12250): 2026.03.13.12:31:49 Progress: Done reading input file
Info (12250): Nios_system_sdram.switches: PIO inputs are not hardwired in test bench. Undefined values will be read from PIO inputs during simulation.
Info (12250): Nios_system_sdram.sensor_status: PIO inputs are not hardwired in test bench. Undefined values will be read from PIO inputs during simulation.
Info (12250): Nios_system_sdram.sensor_data0: PIO inputs are not hardwired in test bench. Undefined values will be read from PIO inputs during simulation.
Info (12250): Nios_system_sdram.sensor_data1: PIO inputs are not hardwired in test bench. Undefined values will be read from PIO inputs during simulation.
Info (12250): Nios_system_sdram.sensor_data2: PIO inputs are not hardwired in test bench. Undefined values will be read from PIO inputs during simulation.
Info (12250): Nios_system_sdram.sensor_data3: PIO inputs are not hardwired in test bench. Undefined values will be read from PIO inputs during simulation.
Info (12250): Nios_system_sdram.sensor_data4: PIO inputs are not hardwired in test bench. Undefined values will be read from PIO inputs during simulation.
Info (12250): Nios_system_sdram.sensor_data5: PIO inputs are not hardwired in test bench. Undefined values will be read from PIO inputs during simulation.
Info (12250): Nios_system_sdram.sensor_data6: PIO inputs are not hardwired in test bench. Undefined values will be read from PIO inputs during simulation.
Info (12250): Nios_system_sdram: Generating nios_system_sdram "nios_system_sdram" for QUARTUS_SYNTH
Info (12250): Pipeline_bridge_swap_transform: After transform: 20 modules, 79 connections
Info (12250): No custom instruction connections, skipping transform 
Info (12250): Merlin_translator_transform: After transform: 40 modules, 159 connections
Info (12250): Merlin_domain_transform: After transform: 80 modules, 430 connections
Info (12250): Merlin_router_transform: After transform: 100 modules, 510 connections
Info (12250): Merlin_burst_transform: After transform: 101 modules, 514 connections
Info (12250): Reset_adaptation_transform: After transform: 103 modules, 401 connections
Info (12250): Merlin_network_to_switch_transform: After transform: 142 modules, 483 connections
Info (12250): Merlin_width_transform: After transform: 144 modules, 489 connections
Info (12250): Merlin_mm_transform: After transform: 144 modules, 489 connections
Info (12250): Merlin_interrupt_mapper_transform: After transform: 145 modules, 492 connections
Warning (12251): Nios_system_sdram: "No matching role found for rst_controller:reset_out:reset_req (reset_req)"
Warning (12251): Nios_system_sdram: "No matching role found for rst_controller:reset_out:reset_req (reset_req)"
Warning (12251): Nios_system_sdram: "No matching role found for rst_controller:reset_out:reset_req (reset_req)"
Warning (12251): Nios_system_sdram: "No matching role found for rst_controller:reset_out:reset_req (reset_req)"
Warning (12251): Nios_system_sdram: "No matching role found for rst_controller:reset_out:reset_req (reset_req)"
Warning (12251): Nios_system_sdram: "No matching role found for rst_controller:reset_out:reset_req (reset_req)"
Warning (12251): Nios_system_sdram: "No matching role found for rst_controller:reset_out:reset_req (reset_req)"
Warning (12251): Nios_system_sdram: "No matching role found for rst_controller:reset_out:reset_req (reset_req)"
Warning (12251): Nios_system_sdram: "No matching role found for rst_controller:reset_out:reset_req (reset_req)"
Warning (12251): Nios_system_sdram: "No matching role found for rst_controller:reset_out:reset_req (reset_req)"
Warning (12251): Nios_system_sdram: "No matching role found for rst_controller:reset_out:reset_req (reset_req)"
Warning (12251): Nios_system_sdram: "No matching role found for rst_controller:reset_out:reset_req (reset_req)"
Warning (12251): Nios_system_sdram: "No matching role found for rst_controller:reset_out:reset_req (reset_req)"
Warning (12251): Nios_system_sdram: "No matching role found for rst_controller:reset_out:reset_req (reset_req)"
Warning (12251): Nios_system_sdram: "No matching role found for rst_controller:reset_out:reset_req (reset_req)"
Warning (12251): Nios_system_sdram: "No matching role found for rst_controller:reset_out:reset_req (reset_req)"
Warning (12251): Nios_system_sdram: "No matching role found for rst_controller:reset_out:reset_req (reset_req)"
Warning (12251): Nios_system_sdram: "No matching role found for rst_controller:reset_out:reset_req (reset_req)"
Warning (12251): Nios_system_sdram: "No matching role found for rst_controller:reset_out:reset_req (reset_req)"
Warning (12251): Nios_system_sdram: "No matching role found for rst_controller:reset_out:reset_req (reset_req)"
Warning (12251): Nios_system_sdram: "No matching role found for rst_controller:reset_out:reset_req (reset_req)"
Warning (12251): Nios_system_sdram: "No matching role found for rst_controller:reset_out:reset_req (reset_req)"
Warning (12251): Nios_system_sdram: "No matching role found for rst_controller:reset_out:reset_req (reset_req)"
Warning (12251): Nios_system_sdram: "No matching role found for rst_controller:reset_out:reset_req (reset_req)"
Warning (12251): Nios_system_sdram: "No matching role found for rst_controller:reset_out:reset_req (reset_req)"
Warning (12251): Nios_system_sdram: "No matching role found for rst_controller:reset_out:reset_req (reset_req)"
Warning (12251): Nios_system_sdram: "No matching role found for rst_controller:reset_out:reset_req (reset_req)"
Warning (12251): Nios_system_sdram: "No matching role found for rst_controller:reset_out:reset_req (reset_req)"
Warning (12251): Nios_system_sdram: "No matching role found for rst_controller:reset_out:reset_req (reset_req)"
Warning (12251): Nios_system_sdram: "No matching role found for rst_controller:reset_out:reset_req (reset_req)"
Warning (12251): Nios_system_sdram: "No matching role found for rst_controller:reset_out:reset_req (reset_req)"
Warning (12251): Nios_system_sdram: "No matching role found for rst_controller:reset_out:reset_req (reset_req)"
Warning (12251): Nios_system_sdram: "No matching role found for rst_controller:reset_out:reset_req (reset_req)"
Warning (12251): Nios_system_sdram: "No matching role found for rst_controller:reset_out:reset_req (reset_req)"
Warning (12251): Nios_system_sdram: "No matching role found for rst_controller:reset_out:reset_req (reset_req)"
Warning (12251): Nios_system_sdram: "No matching role found for rst_controller:reset_out:reset_req (reset_req)"
Warning (12251): Nios_system_sdram: "No matching role found for rst_controller:reset_out:reset_req (reset_req)"
Warning (12251): Nios_system_sdram: "No matching role found for rst_controller:reset_out:reset_req (reset_req)"
Warning (12251): Nios_system_sdram: "No matching role found for rst_controller:reset_out:reset_req (reset_req)"
Warning (12251): Nios_system_sdram: "No matching role found for rst_controller:reset_out:reset_req (reset_req)"
Warning (12251): Nios_system_sdram: "No matching role found for rst_controller:reset_out:reset_req (reset_req)"
Warning (12251): Nios_system_sdram: "No matching role found for rst_controller:reset_out:reset_req (reset_req)"
Warning (12251): Nios_system_sdram: "No matching role found for rst_controller:reset_out:reset_req (reset_req)"
Warning (12251): Nios_system_sdram: "No matching role found for rst_controller:reset_out:reset_req (reset_req)"
Warning (12251): Nios_system_sdram: "No matching role found for rst_controller:reset_out:reset_req (reset_req)"
Warning (12251): Nios_system_sdram: "No matching role found for rst_controller:reset_out:reset_req (reset_req)"
Warning (12251): Nios_system_sdram: "No matching role found for rst_controller:reset_out:reset_req (reset_req)"
Warning (12251): Nios_system_sdram: "No matching role found for rst_controller:reset_out:reset_req (reset_req)"
Warning (12251): Nios_system_sdram: "No matching role found for rst_controller:reset_out:reset_req (reset_req)"
Warning (12251): Nios_system_sdram: "No matching role found for rst_controller:reset_out:reset_req (reset_req)"
Warning (12251): Nios_system_sdram: "No matching role found for rst_controller:reset_out:reset_req (reset_req)"
Warning (12251): Nios_system_sdram: "No matching role found for rst_controller:reset_out:reset_req (reset_req)"
Warning (12251): Nios_system_sdram: "No matching role found for rst_controller:reset_out:reset_req (reset_req)"
Warning (12251): Nios_system_sdram: "No matching role found for rst_controller:reset_out:reset_req (reset_req)"
Warning (12251): Nios_system_sdram: "No matching role found for rst_controller:reset_out:reset_req (reset_req)"
Warning (12251): Nios_system_sdram: "No matching role found for rst_controller:reset_out:reset_req (reset_req)"
Warning (12251): Nios_system_sdram: "No matching role found for rst_controller:reset_out:reset_req (reset_req)"
Warning (12251): Nios_system_sdram: "No matching role found for rst_controller:reset_out:reset_req (reset_req)"
Warning (12251): Nios_system_sdram: "No matching role found for rst_controller:reset_out:reset_req (reset_req)"
Warning (12251): Nios_system_sdram: "No matching role found for rst_controller:reset_out:reset_req (reset_req)"
Warning (12251): Nios_system_sdram: "No matching role found for rst_controller:reset_out:reset_req (reset_req)"
Warning (12251): Nios_system_sdram: "No matching role found for rst_controller:reset_out:reset_req (reset_req)"
Warning (12251): Nios_system_sdram: "No matching role found for rst_controller:reset_out:reset_req (reset_req)"
Warning (12251): Nios_system_sdram: "No matching role found for rst_controller:reset_out:reset_req (reset_req)"
Warning (12251): Nios_system_sdram: "No matching role found for rst_controller:reset_out:reset_req (reset_req)"
Warning (12251): Nios_system_sdram: "No matching role found for rst_controller:reset_out:reset_req (reset_req)"
Warning (12251): Nios_system_sdram: "No matching role found for rst_controller:reset_out:reset_req (reset_req)"
Warning (12251): Nios_system_sdram: "No matching role found for rst_controller:reset_out:reset_req (reset_req)"
Warning (12251): Nios_system_sdram: "No matching role found for rst_controller:reset_out:reset_req (reset_req)"
Warning (12251): Nios_system_sdram: "No matching role found for rst_controller:reset_out:reset_req (reset_req)"
Warning (12251): Nios_system_sdram: "No matching role found for rst_controller:reset_out:reset_req (reset_req)"
Warning (12251): Nios_system_sdram: "No matching role found for rst_controller:reset_out:reset_req (reset_req)"
Warning (12251): Nios_system_sdram: "No matching role found for rst_controller:reset_out:reset_req (reset_req)"
Warning (12251): Nios_system_sdram: "No matching role found for rst_controller:reset_out:reset_req (reset_req)"
Warning (12251): Nios_system_sdram: "No matching role found for rst_controller:reset_out:reset_req (reset_req)"
Warning (12251): Nios_system_sdram: "No matching role found for rst_controller:reset_out:reset_req (reset_req)"
Warning (12251): Nios_system_sdram: "No matching role found for rst_controller:reset_out:reset_req (reset_req)"
Warning (12251): Nios_system_sdram: "No matching role found for rst_controller:reset_out:reset_req (reset_req)"
Warning (12251): Nios_system_sdram: "No matching role found for rst_controller:reset_out:reset_req (reset_req)"
Warning (12251): Nios_system_sdram: "No matching role found for rst_controller:reset_out:reset_req (reset_req)"
Warning (12251): Nios_system_sdram: "No matching role found for rst_controller:reset_out:reset_req (reset_req)"
Warning (12251): Nios_system_sdram: "No matching role found for rst_controller:reset_out:reset_req (reset_req)"
Warning (12251): Nios_system_sdram: "No matching role found for rst_controller:reset_out:reset_req (reset_req)"
Warning (12251): Nios_system_sdram: "No matching role found for rst_controller:reset_out:reset_req (reset_req)"
Warning (12251): Nios_system_sdram: "No matching role found for rst_controller:reset_out:reset_req (reset_req)"
Warning (12251): Nios_system_sdram: "No matching role found for rst_controller:reset_out:reset_req (reset_req)"
Warning (12251): Nios_system_sdram: "No matching role found for rst_controller:reset_out:reset_req (reset_req)"
Warning (12251): Nios_system_sdram: "No matching role found for rst_controller:reset_out:reset_req (reset_req)"
Warning (12251): Nios_system_sdram: "No matching role found for rst_controller:reset_out:reset_req (reset_req)"
Warning (12251): Nios_system_sdram: "No matching role found for rst_controller:reset_out:reset_req (reset_req)"
Warning (12251): Nios_system_sdram: "No matching role found for rst_controller:reset_out:reset_req (reset_req)"
Warning (12251): Nios_system_sdram: "No matching role found for rst_controller:reset_out:reset_req (reset_req)"
Warning (12251): Nios_system_sdram: "No matching role found for rst_controller:reset_out:reset_req (reset_req)"
Warning (12251): Nios_system_sdram: "No matching role found for rst_controller:reset_out:reset_req (reset_req)"
Warning (12251): Nios_system_sdram: "No matching role found for rst_controller:reset_out:reset_req (reset_req)"
Warning (12251): Nios_system_sdram: "No matching role found for rst_controller:reset_out:reset_req (reset_req)"
Warning (12251): Nios_system_sdram: "No matching role found for rst_controller:reset_out:reset_req (reset_req)"
Warning (12251): Nios_system_sdram: "No matching role found for rst_controller:reset_out:reset_req (reset_req)"
Warning (12251): Nios_system_sdram: "No matching role found for rst_controller:reset_out:reset_req (reset_req)"
Warning (12251): Nios_system_sdram: "No matching role found for rst_controller:reset_out:reset_req (reset_req)"
Warning (12251): Nios_system_sdram: "No matching role found for rst_controller:reset_out:reset_req (reset_req)"
Warning (12251): Nios_system_sdram: "No matching role found for rst_controller:reset_out:reset_req (reset_req)"
Warning (12251): Nios_system_sdram: "No matching role found for rst_controller:reset_out:reset_req (reset_req)"
Warning (12251): Nios_system_sdram: "No matching role found for rst_controller:reset_out:reset_req (reset_req)"
Warning (12251): Nios_system_sdram: "No matching role found for rst_controller:reset_out:reset_req (reset_req)"
Warning (12251): Nios_system_sdram: "No matching role found for rst_controller:reset_out:reset_req (reset_req)"
Warning (12251): Nios_system_sdram: "No matching role found for rst_controller:reset_out:reset_req (reset_req)"
Warning (12251): Nios_system_sdram: "No matching role found for rst_controller:reset_out:reset_req (reset_req)"
Warning (12251): Nios_system_sdram: "No matching role found for rst_controller:reset_out:reset_req (reset_req)"
Warning (12251): Nios_system_sdram: "No matching role found for rst_controller:reset_out:reset_req (reset_req)"
Warning (12251): Nios_system_sdram: "No matching role found for rst_controller:reset_out:reset_req (reset_req)"
Warning (12251): Nios_system_sdram: "No matching role found for rst_controller:reset_out:reset_req (reset_req)"
Warning (12251): Nios_system_sdram: "No matching role found for rst_controller:reset_out:reset_req (reset_req)"
Warning (12251): Nios_system_sdram: "No matching role found for rst_controller:reset_out:reset_req (reset_req)"
Warning (12251): Nios_system_sdram: "No matching role found for rst_controller:reset_out:reset_req (reset_req)"
Warning (12251): Nios_system_sdram: "No matching role found for rst_controller:reset_out:reset_req (reset_req)"
Warning (12251): Nios_system_sdram: "No matching role found for rst_controller:reset_out:reset_req (reset_req)"
Warning (12251): Nios_system_sdram: "No matching role found for rst_controller:reset_out:reset_req (reset_req)"
Warning (12251): Nios_system_sdram: "No matching role found for rst_controller:reset_out:reset_req (reset_req)"
Warning (12251): Nios_system_sdram: "No matching role found for rst_controller:reset_out:reset_req (reset_req)"
Warning (12251): Nios_system_sdram: "No matching role found for rst_controller:reset_out:reset_req (reset_req)"
Warning (12251): Nios_system_sdram: "No matching role found for rst_controller:reset_out:reset_req (reset_req)"
Warning (12251): Nios_system_sdram: "No matching role found for rst_controller:reset_out:reset_req (reset_req)"
Warning (12251): Nios_system_sdram: "No matching role found for rst_controller:reset_out:reset_req (reset_req)"
Warning (12251): Nios_system_sdram: "No matching role found for rst_controller:reset_out:reset_req (reset_req)"
Warning (12251): Nios_system_sdram: "No matching role found for rst_controller:reset_out:reset_req (reset_req)"
Warning (12251): Nios_system_sdram: "No matching role found for rst_controller:reset_out:reset_req (reset_req)"
Warning (12251): Nios_system_sdram: "No matching role found for rst_controller:reset_out:reset_req (reset_req)"
Warning (12251): Nios_system_sdram: "No matching role found for rst_controller:reset_out:reset_req (reset_req)"
Warning (12251): Nios_system_sdram: "No matching role found for rst_controller:reset_out:reset_req (reset_req)"
Warning (12251): Nios_system_sdram: "No matching role found for rst_controller:reset_out:reset_req (reset_req)"
Warning (12251): Nios_system_sdram: "No matching role found for rst_controller:reset_out:reset_req (reset_req)"
Warning (12251): Nios_system_sdram: "No matching role found for rst_controller:reset_out:reset_req (reset_req)"
Warning (12251): Nios_system_sdram: "No matching role found for rst_controller:reset_out:reset_req (reset_req)"
Warning (12251): Nios_system_sdram: "No matching role found for rst_controller:reset_out:reset_req (reset_req)"
Warning (12251): Nios_system_sdram: "No matching role found for rst_controller:reset_out:reset_req (reset_req)"
Warning (12251): Nios_system_sdram: "No matching role found for rst_controller:reset_out:reset_req (reset_req)"
Warning (12251): Nios_system_sdram: "No matching role found for rst_controller:reset_out:reset_req (reset_req)"
Warning (12251): Nios_system_sdram: "No matching role found for rst_controller:reset_out:reset_req (reset_req)"
Warning (12251): Nios_system_sdram: "No matching role found for rst_controller:reset_out:reset_req (reset_req)"
Info (12250): Nios2_qsys_0: Starting RTL generation for module 'nios_system_sdram_nios2_qsys_0'
Info (12250): Nios2_qsys_0:   Generation command is [exec C:/altera/13.0sp1/quartus/../ip/altera/nios2_ip/altera_nios2/eperl.exe -I C:/altera/13.0sp1/quartus/common/ip/altera/common/perl/5.8.3 -I C:/altera/13.0sp1/quartus/sopc_builder/bin/europa -I C:/altera/13.0sp1/quartus/sopc_builder/bin/perl_lib -I C:/altera/13.0sp1/quartus/sopc_builder/bin -I C:/altera/13.0sp1/quartus/../ip/altera/nios2_ip/altera_nios2/cpu_lib -I C:/altera/13.0sp1/quartus/../ip/altera/nios2_ip/altera_nios2/nios_lib -I C:/altera/13.0sp1/quartus/../ip/altera/nios2_ip/altera_nios2 -I C:/altera/13.0sp1/quartus/../ip/altera/nios2_ip/altera_nios2 -- C:/altera/13.0sp1/quartus/../ip/altera/nios2_ip/altera_nios2/generate_rtl.epl --name=nios_system_sdram_nios2_qsys_0 --dir=C:/Users/fchiha/AppData/Local/Temp/alt0525_7673024775167397057.dir/0001_nios2_qsys_0_gen/ --quartus_dir=C:/altera/13.0sp1/quartus --verilog --config=C:/Users/fchiha/AppData/Local/Temp/alt0525_7673024775167397057.dir/0001_nios2_qsys_0_gen//nios_system_sdram_nios2_qsys_0_processor_configuration.pl  --do_build_sim=0    --bogus  ]
Info (12250): Nios2_qsys_0: # 2026.03.13 12:31:54 (*) Starting Nios II generation
Info (12250): Nios2_qsys_0: # 2026.03.13 12:31:54 (*)   Checking for plaintext license.
Info (12250): Nios2_qsys_0: # 2026.03.13 12:32:11 (*)   Plaintext license not found.
Info (12250): Nios2_qsys_0: # 2026.03.13 12:32:11 (*)   No license required to generate encrypted Nios II/e.
Info (12250): Nios2_qsys_0: # 2026.03.13 12:32:11 (*)   Elaborating CPU configuration settings
Info (12250): Nios2_qsys_0: # 2026.03.13 12:32:11 (*)   Creating all objects for CPU
Info (12250): Nios2_qsys_0: # 2026.03.13 12:32:11 (*)   Generating RTL from CPU objects
Info (12250): Nios2_qsys_0: # 2026.03.13 12:32:11 (*)   Creating plain-text RTL
Info (12250): Nios2_qsys_0: # 2026.03.13 12:32:12 (*) Done Nios II generation
Info (12250): Nios2_qsys_0: Done RTL generation for module 'nios_system_sdram_nios2_qsys_0'
Info (12250): Nios2_qsys_0: "nios_system_sdram" instantiated altera_nios2_qsys "nios2_qsys_0"
Info (12250): Onchip_memory2_0: Starting RTL generation for module 'nios_system_sdram_onchip_memory2_0'
Info (12250): Onchip_memory2_0:   Generation command is [exec C:/altera/13.0sp1/quartus/bin/perl/bin/perl.exe -I C:/altera/13.0sp1/quartus/common/ip/altera/common/perl/5.8.3 -I C:/altera/13.0sp1/quartus/sopc_builder/bin/europa -I C:/altera/13.0sp1/quartus/sopc_builder/bin/perl_lib -I C:/altera/13.0sp1/quartus/sopc_builder/bin -I C:/altera/13.0sp1/quartus/../ip/altera/sopc_builder_ip/common -I C:/altera/13.0sp1/quartus/../ip/altera/sopc_builder_ip/altera_avalon_onchip_memory2 -- C:/altera/13.0sp1/quartus/../ip/altera/sopc_builder_ip/altera_avalon_onchip_memory2/generate_rtl.pl --name=nios_system_sdram_onchip_memory2_0 --dir=C:/Users/fchiha/AppData/Local/Temp/alt0525_7673024775167397057.dir/0002_onchip_memory2_0_gen/ --quartus_dir=C:/altera/13.0sp1/quartus --verilog --config=C:/Users/fchiha/AppData/Local/Temp/alt0525_7673024775167397057.dir/0002_onchip_memory2_0_gen//nios_system_sdram_onchip_memory2_0_component_configuration.pl  --do_build_sim=0  ]
Info (12250): Onchip_memory2_0: Done RTL generation for module 'nios_system_sdram_onchip_memory2_0'
Info (12250): Onchip_memory2_0: "nios_system_sdram" instantiated altera_avalon_onchip_memory2 "onchip_memory2_0"
Info (12250): Switches: Starting RTL generation for module 'nios_system_sdram_switches'
Info (12250): Switches:   Generation command is [exec C:/altera/13.0sp1/quartus/bin/perl/bin/perl.exe -I C:/altera/13.0sp1/quartus/common/ip/altera/common/perl/5.8.3 -I C:/altera/13.0sp1/quartus/sopc_builder/bin/europa -I C:/altera/13.0sp1/quartus/sopc_builder/bin/perl_lib -I C:/altera/13.0sp1/quartus/sopc_builder/bin -I C:/altera/13.0sp1/quartus/../ip/altera/sopc_builder_ip/common -I C:/altera/13.0sp1/quartus/../ip/altera/sopc_builder_ip/altera_avalon_pio -- C:/altera/13.0sp1/quartus/../ip/altera/sopc_builder_ip/altera_avalon_pio/generate_rtl.pl --name=nios_system_sdram_switches --dir=C:/Users/fchiha/AppData/Local/Temp/alt0525_7673024775167397057.dir/0003_switches_gen/ --quartus_dir=C:/altera/13.0sp1/quartus --verilog --config=C:/Users/fchiha/AppData/Local/Temp/alt0525_7673024775167397057.dir/0003_switches_gen//nios_system_sdram_switches_component_configuration.pl  --do_build_sim=0  ]
Info (12250): Switches: Done RTL generation for module 'nios_system_sdram_switches'
Info (12250): Switches: "nios_system_sdram" instantiated altera_avalon_pio "switches"
Info (12250): LEDs: Starting RTL generation for module 'nios_system_sdram_LEDs'
Info (12250): LEDs:   Generation command is [exec C:/altera/13.0sp1/quartus/bin/perl/bin/perl.exe -I C:/altera/13.0sp1/quartus/common/ip/altera/common/perl/5.8.3 -I C:/altera/13.0sp1/quartus/sopc_builder/bin/europa -I C:/altera/13.0sp1/quartus/sopc_builder/bin/perl_lib -I C:/altera/13.0sp1/quartus/sopc_builder/bin -I C:/altera/13.0sp1/quartus/../ip/altera/sopc_builder_ip/common -I C:/altera/13.0sp1/quartus/../ip/altera/sopc_builder_ip/altera_avalon_pio -- C:/altera/13.0sp1/quartus/../ip/altera/sopc_builder_ip/altera_avalon_pio/generate_rtl.pl --name=nios_system_sdram_LEDs --dir=C:/Users/fchiha/AppData/Local/Temp/alt0525_7673024775167397057.dir/0004_LEDs_gen/ --quartus_dir=C:/altera/13.0sp1/quartus --verilog --config=C:/Users/fchiha/AppData/Local/Temp/alt0525_7673024775167397057.dir/0004_LEDs_gen//nios_system_sdram_LEDs_component_configuration.pl  --do_build_sim=0  ]
Info (12250): LEDs: Done RTL generation for module 'nios_system_sdram_LEDs'
Info (12250): LEDs: "nios_system_sdram" instantiated altera_avalon_pio "LEDs"
Info (12250): Jtag_uart_0: Starting RTL generation for module 'nios_system_sdram_jtag_uart_0'
Info (12250): Jtag_uart_0:   Generation command is [exec C:/altera/13.0sp1/quartus/bin/perl/bin/perl.exe -I C:/altera/13.0sp1/quartus/common/ip/altera/common/perl/5.8.3 -I C:/altera/13.0sp1/quartus/sopc_builder/bin/europa -I C:/altera/13.0sp1/quartus/sopc_builder/bin/perl_lib -I C:/altera/13.0sp1/quartus/sopc_builder/bin -I C:/altera/13.0sp1/quartus/../ip/altera/sopc_builder_ip/common -I C:/altera/13.0sp1/quartus/../ip/altera/sopc_builder_ip/altera_avalon_jtag_uart -- C:/altera/13.0sp1/quartus/../ip/altera/sopc_builder_ip/altera_avalon_jtag_uart/generate_rtl.pl --name=nios_system_sdram_jtag_uart_0 --dir=C:/Users/fchiha/AppData/Local/Temp/alt0525_7673024775167397057.dir/0005_jtag_uart_0_gen/ --quartus_dir=C:/altera/13.0sp1/quartus --verilog --config=C:/Users/fchiha/AppData/Local/Temp/alt0525_7673024775167397057.dir/0005_jtag_uart_0_gen//nios_system_sdram_jtag_uart_0_component_configuration.pl  --do_build_sim=0  ]
Info (12250): Jtag_uart_0: Done RTL generation for module 'nios_system_sdram_jtag_uart_0'
Info (12250): Jtag_uart_0: "nios_system_sdram" instantiated altera_avalon_jtag_uart "jtag_uart_0"
Info (12250): Sdram: Starting RTL generation for module 'nios_system_sdram_sdram'
Info (12250): Sdram:   Generation command is [exec C:/altera/13.0sp1/quartus/bin/perl/bin/perl.exe -I C:/altera/13.0sp1/quartus/common/ip/altera/common/perl/5.8.3 -I C:/altera/13.0sp1/quartus/sopc_builder/bin/europa -I C:/altera/13.0sp1/quartus/sopc_builder/bin/perl_lib -I C:/altera/13.0sp1/quartus/sopc_builder/bin -I C:/altera/13.0sp1/quartus/../ip/altera/sopc_builder_ip/common -I C:/altera/13.0sp1/quartus/../ip/altera/sopc_builder_ip/altera_avalon_new_sdram_controller -- C:/altera/13.0sp1/quartus/../ip/altera/sopc_builder_ip/altera_avalon_new_sdram_controller/generate_rtl.pl --name=nios_system_sdram_sdram --dir=C:/Users/fchiha/AppData/Local/Temp/alt0525_7673024775167397057.dir/0006_sdram_gen/ --quartus_dir=C:/altera/13.0sp1/quartus --verilog --config=C:/Users/fchiha/AppData/Local/Temp/alt0525_7673024775167397057.dir/0006_sdram_gen//nios_system_sdram_sdram_component_configuration.pl  --do_build_sim=0  ]
Info (12250): Sdram: Done RTL generation for module 'nios_system_sdram_sdram'
Info (12250): Sdram: "nios_system_sdram" instantiated altera_avalon_new_sdram_controller "sdram"
Info (12250): Motor_right: Starting RTL generation for module 'nios_system_sdram_motor_right'
Info (12250): Motor_right:   Generation command is [exec C:/altera/13.0sp1/quartus/bin/perl/bin/perl.exe -I C:/altera/13.0sp1/quartus/common/ip/altera/common/perl/5.8.3 -I C:/altera/13.0sp1/quartus/sopc_builder/bin/europa -I C:/altera/13.0sp1/quartus/sopc_builder/bin/perl_lib -I C:/altera/13.0sp1/quartus/sopc_builder/bin -I C:/altera/13.0sp1/quartus/../ip/altera/sopc_builder_ip/common -I C:/altera/13.0sp1/quartus/../ip/altera/sopc_builder_ip/altera_avalon_pio -- C:/altera/13.0sp1/quartus/../ip/altera/sopc_builder_ip/altera_avalon_pio/generate_rtl.pl --name=nios_system_sdram_motor_right --dir=C:/Users/fchiha/AppData/Local/Temp/alt0525_7673024775167397057.dir/0007_motor_right_gen/ --quartus_dir=C:/altera/13.0sp1/quartus --verilog --config=C:/Users/fchiha/AppData/Local/Temp/alt0525_7673024775167397057.dir/0007_motor_right_gen//nios_system_sdram_motor_right_component_configuration.pl  --do_build_sim=0  ]
Info (12250): Motor_right: Done RTL generation for module 'nios_system_sdram_motor_right'
Info (12250): Motor_right: "nios_system_sdram" instantiated altera_avalon_pio "motor_right"
Info (12250): Clocks: Starting Generation of Required Clocks for DE-Series Boards
Info (12250): Clocks: "nios_system_sdram" instantiated altera_up_clocks "clocks"
Info (12250): Position_ligne: Starting RTL generation for module 'nios_system_sdram_position_ligne'
Info (12250): Position_ligne:   Generation command is [exec C:/altera/13.0sp1/quartus/bin/perl/bin/perl.exe -I C:/altera/13.0sp1/quartus/common/ip/altera/common/perl/5.8.3 -I C:/altera/13.0sp1/quartus/sopc_builder/bin/europa -I C:/altera/13.0sp1/quartus/sopc_builder/bin/perl_lib -I C:/altera/13.0sp1/quartus/sopc_builder/bin -I C:/altera/13.0sp1/quartus/../ip/altera/sopc_builder_ip/common -I C:/altera/13.0sp1/quartus/../ip/altera/sopc_builder_ip/altera_avalon_pio -- C:/altera/13.0sp1/quartus/../ip/altera/sopc_builder_ip/altera_avalon_pio/generate_rtl.pl --name=nios_system_sdram_position_ligne --dir=C:/Users/fchiha/AppData/Local/Temp/alt0525_7673024775167397057.dir/0009_position_ligne_gen/ --quartus_dir=C:/altera/13.0sp1/quartus --verilog --config=C:/Users/fchiha/AppData/Local/Temp/alt0525_7673024775167397057.dir/0009_position_ligne_gen//nios_system_sdram_position_ligne_component_configuration.pl  --do_build_sim=0  ]
Info (12250): Position_ligne: Done RTL generation for module 'nios_system_sdram_position_ligne'
Info (12250): Position_ligne: "nios_system_sdram" instantiated altera_avalon_pio "position_ligne"
Info (12250): Nios2_qsys_0_instruction_master_translator: "nios_system_sdram" instantiated altera_merlin_master_translator "nios2_qsys_0_instruction_master_translator"
Info (12250): Nios2_qsys_0_jtag_debug_module_translator: "nios_system_sdram" instantiated altera_merlin_slave_translator "nios2_qsys_0_jtag_debug_module_translator"
Info (12250): Nios2_qsys_0_instruction_master_translator_avalon_universal_master_0_agent: "nios_system_sdram" instantiated altera_merlin_master_agent "nios2_qsys_0_instruction_master_translator_avalon_universal_master_0_agent"
Info (12250): Nios2_qsys_0_jtag_debug_module_translator_avalon_universal_slave_0_agent: "nios_system_sdram" instantiated altera_merlin_slave_agent "nios2_qsys_0_jtag_debug_module_translator_avalon_universal_slave_0_agent"
Info (12250): Nios2_qsys_0_jtag_debug_module_translator_avalon_universal_slave_0_agent_rsp_fifo: "nios_system_sdram" instantiated altera_avalon_sc_fifo "nios2_qsys_0_jtag_debug_module_translator_avalon_universal_slave_0_agent_rsp_fifo"
Info (12250): Addr_router: "nios_system_sdram" instantiated altera_merlin_router "addr_router"
Info (12250): Addr_router_001: "nios_system_sdram" instantiated altera_merlin_router "addr_router_001"
Info (12250): Id_router: "nios_system_sdram" instantiated altera_merlin_router "id_router"
Info (12250): Id_router_002: "nios_system_sdram" instantiated altera_merlin_router "id_router_002"
Info (12250): Id_router_003: "nios_system_sdram" instantiated altera_merlin_router "id_router_003"
Info (12250): Burst_adapter: "nios_system_sdram" instantiated altera_merlin_burst_adapter "burst_adapter"
Info (12250): Rst_controller: "nios_system_sdram" instantiated altera_reset_controller "rst_controller"
Info (12250): Cmd_xbar_demux: "nios_system_sdram" instantiated altera_merlin_demultiplexer "cmd_xbar_demux"
Info (12250): Cmd_xbar_demux_001: "nios_system_sdram" instantiated altera_merlin_demultiplexer "cmd_xbar_demux_001"
Info (12250): Cmd_xbar_mux: "nios_system_sdram" instantiated altera_merlin_multiplexer "cmd_xbar_mux"
Info (12250): Rsp_xbar_demux: "nios_system_sdram" instantiated altera_merlin_demultiplexer "rsp_xbar_demux"
Info (12250): Rsp_xbar_demux_003: "nios_system_sdram" instantiated altera_merlin_demultiplexer "rsp_xbar_demux_003"
Info (12250): Rsp_xbar_mux: "nios_system_sdram" instantiated altera_merlin_multiplexer "rsp_xbar_mux"
Info (12250): Reusing file C:/Users/fchiha/Documents/Altera/ROBOT/db/ip/nios_system_sdram/submodules/altera_merlin_arbitrator.sv
Info (12250): Rsp_xbar_mux_001: "nios_system_sdram" instantiated altera_merlin_multiplexer "rsp_xbar_mux_001"
Info (12250): Reusing file C:/Users/fchiha/Documents/Altera/ROBOT/db/ip/nios_system_sdram/submodules/altera_merlin_arbitrator.sv
Info (12250): Width_adapter: "nios_system_sdram" instantiated altera_merlin_width_adapter "width_adapter"
Info (12250): Reusing file C:/Users/fchiha/Documents/Altera/ROBOT/db/ip/nios_system_sdram/submodules/altera_merlin_address_alignment.sv
Info (12250): Reusing file C:/Users/fchiha/Documents/Altera/ROBOT/db/ip/nios_system_sdram/submodules/altera_merlin_burst_uncompressor.sv
Info (12250): Irq_mapper: "nios_system_sdram" instantiated altera_irq_mapper "irq_mapper"
Info (12250): Nios_system_sdram: Done nios_system_sdram" with 31 modules, 168 files, 3380912 bytes
Info (12249): Finished elaborating Qsys system entity "nios_system_sdram.qsys"
Info (12021): Found 2 design units, including 1 entities, in source file pwm_generation.vhd
    Info (12022): Found design unit 1: PWM_generation-arch
    Info (12023): Found entity 1: PWM_generation
Info (12021): Found 2 design units, including 1 entities, in source file robot.vhd
    Info (12022): Found design unit 1: ROBOT-Structure
    Info (12023): Found entity 1: ROBOT
Info (12021): Found 1 design units, including 1 entities, in source file db/ip/nios_system_sdram/nios_system_sdram.v
    Info (12023): Found entity 1: nios_system_sdram
Info (12021): Found 1 design units, including 1 entities, in source file db/ip/nios_system_sdram/submodules/altera_avalon_sc_fifo.v
    Info (12023): Found entity 1: altera_avalon_sc_fifo
Info (12021): Found 1 design units, including 1 entities, in source file db/ip/nios_system_sdram/submodules/altera_merlin_address_alignment.sv
    Info (12023): Found entity 1: altera_merlin_address_alignment
Info (12021): Found 2 design units, including 2 entities, in source file db/ip/nios_system_sdram/submodules/altera_merlin_arbitrator.sv
    Info (12023): Found entity 1: altera_merlin_arbitrator
    Info (12023): Found entity 2: altera_merlin_arb_adder
Info (12021): Found 7 design units, including 7 entities, in source file db/ip/nios_system_sdram/submodules/altera_merlin_burst_adapter.sv
    Info (12023): Found entity 1: altera_merlin_burst_adapter_burstwrap_increment
    Info (12023): Found entity 2: altera_merlin_burst_adapter_adder
    Info (12023): Found entity 3: altera_merlin_burst_adapter_subtractor
    Info (12023): Found entity 4: altera_merlin_burst_adapter_min
    Info (12023): Found entity 5: altera_merlin_burst_adapter
    Info (12023): Found entity 6: altera_merlin_burst_adapter_uncompressed_only
    Info (12023): Found entity 7: altera_merlin_burst_adapter_full
Info (12021): Found 1 design units, including 1 entities, in source file db/ip/nios_system_sdram/submodules/altera_merlin_burst_uncompressor.sv
    Info (12023): Found entity 1: altera_merlin_burst_uncompressor
Info (12021): Found 1 design units, including 1 entities, in source file db/ip/nios_system_sdram/submodules/altera_merlin_master_agent.sv
    Info (12023): Found entity 1: altera_merlin_master_agent
Info (12021): Found 1 design units, including 1 entities, in source file db/ip/nios_system_sdram/submodules/altera_merlin_master_translator.sv
    Info (12023): Found entity 1: altera_merlin_master_translator
Info (12021): Found 1 design units, including 1 entities, in source file db/ip/nios_system_sdram/submodules/altera_merlin_slave_agent.sv
    Info (12023): Found entity 1: altera_merlin_slave_agent
Info (12021): Found 1 design units, including 1 entities, in source file db/ip/nios_system_sdram/submodules/altera_merlin_slave_translator.sv
    Info (12023): Found entity 1: altera_merlin_slave_translator
Info (12021): Found 1 design units, including 1 entities, in source file db/ip/nios_system_sdram/submodules/altera_merlin_width_adapter.sv
    Info (12023): Found entity 1: altera_merlin_width_adapter
Info (12021): Found 1 design units, including 1 entities, in source file db/ip/nios_system_sdram/submodules/altera_reset_controller.v
    Info (12023): Found entity 1: altera_reset_controller
Info (12021): Found 1 design units, including 1 entities, in source file db/ip/nios_system_sdram/submodules/altera_reset_synchronizer.v
    Info (12023): Found entity 1: altera_reset_synchronizer
Info (12021): Found 1 design units, including 1 entities, in source file db/ip/nios_system_sdram/submodules/nios_system_sdram_leds.v
    Info (12023): Found entity 1: nios_system_sdram_LEDs
Info (12021): Found 2 design units, including 2 entities, in source file db/ip/nios_system_sdram/submodules/nios_system_sdram_addr_router.sv
    Info (12023): Found entity 1: nios_system_sdram_addr_router_default_decode
    Info (12023): Found entity 2: nios_system_sdram_addr_router
Info (12021): Found 2 design units, including 2 entities, in source file db/ip/nios_system_sdram/submodules/nios_system_sdram_addr_router_001.sv
    Info (12023): Found entity 1: nios_system_sdram_addr_router_001_default_decode
    Info (12023): Found entity 2: nios_system_sdram_addr_router_001
Info (12021): Found 1 design units, including 1 entities, in source file db/ip/nios_system_sdram/submodules/nios_system_sdram_clocks.v
    Info (12023): Found entity 1: nios_system_sdram_clocks
Info (12021): Found 1 design units, including 1 entities, in source file db/ip/nios_system_sdram/submodules/nios_system_sdram_cmd_xbar_demux.sv
    Info (12023): Found entity 1: nios_system_sdram_cmd_xbar_demux
Info (12021): Found 1 design units, including 1 entities, in source file db/ip/nios_system_sdram/submodules/nios_system_sdram_cmd_xbar_demux_001.sv
    Info (12023): Found entity 1: nios_system_sdram_cmd_xbar_demux_001
Info (12021): Found 1 design units, including 1 entities, in source file db/ip/nios_system_sdram/submodules/nios_system_sdram_cmd_xbar_mux.sv
    Info (12023): Found entity 1: nios_system_sdram_cmd_xbar_mux
Info (12021): Found 2 design units, including 2 entities, in source file db/ip/nios_system_sdram/submodules/nios_system_sdram_id_router.sv
    Info (12023): Found entity 1: nios_system_sdram_id_router_default_decode
    Info (12023): Found entity 2: nios_system_sdram_id_router
Info (12021): Found 2 design units, including 2 entities, in source file db/ip/nios_system_sdram/submodules/nios_system_sdram_id_router_002.sv
    Info (12023): Found entity 1: nios_system_sdram_id_router_002_default_decode
    Info (12023): Found entity 2: nios_system_sdram_id_router_002
Info (12021): Found 2 design units, including 2 entities, in source file db/ip/nios_system_sdram/submodules/nios_system_sdram_id_router_003.sv
    Info (12023): Found entity 1: nios_system_sdram_id_router_003_default_decode
    Info (12023): Found entity 2: nios_system_sdram_id_router_003
Info (12021): Found 1 design units, including 1 entities, in source file db/ip/nios_system_sdram/submodules/nios_system_sdram_irq_mapper.sv
    Info (12023): Found entity 1: nios_system_sdram_irq_mapper
Info (12021): Found 5 design units, including 5 entities, in source file db/ip/nios_system_sdram/submodules/nios_system_sdram_jtag_uart_0.v
    Info (12023): Found entity 1: nios_system_sdram_jtag_uart_0_sim_scfifo_w
    Info (12023): Found entity 2: nios_system_sdram_jtag_uart_0_scfifo_w
    Info (12023): Found entity 3: nios_system_sdram_jtag_uart_0_sim_scfifo_r
    Info (12023): Found entity 4: nios_system_sdram_jtag_uart_0_scfifo_r
    Info (12023): Found entity 5: nios_system_sdram_jtag_uart_0
Info (12021): Found 1 design units, including 1 entities, in source file db/ip/nios_system_sdram/submodules/nios_system_sdram_motor_right.v
    Info (12023): Found entity 1: nios_system_sdram_motor_right
Info (12021): Found 21 design units, including 21 entities, in source file db/ip/nios_system_sdram/submodules/nios_system_sdram_nios2_qsys_0.v
    Info (12023): Found entity 1: nios_system_sdram_nios2_qsys_0_register_bank_a_module
    Info (12023): Found entity 2: nios_system_sdram_nios2_qsys_0_register_bank_b_module
    Info (12023): Found entity 3: nios_system_sdram_nios2_qsys_0_nios2_oci_debug
    Info (12023): Found entity 4: nios_system_sdram_nios2_qsys_0_ociram_sp_ram_module
    Info (12023): Found entity 5: nios_system_sdram_nios2_qsys_0_nios2_ocimem
    Info (12023): Found entity 6: nios_system_sdram_nios2_qsys_0_nios2_avalon_reg
    Info (12023): Found entity 7: nios_system_sdram_nios2_qsys_0_nios2_oci_break
    Info (12023): Found entity 8: nios_system_sdram_nios2_qsys_0_nios2_oci_xbrk
    Info (12023): Found entity 9: nios_system_sdram_nios2_qsys_0_nios2_oci_dbrk
    Info (12023): Found entity 10: nios_system_sdram_nios2_qsys_0_nios2_oci_itrace
    Info (12023): Found entity 11: nios_system_sdram_nios2_qsys_0_nios2_oci_td_mode
    Info (12023): Found entity 12: nios_system_sdram_nios2_qsys_0_nios2_oci_dtrace
    Info (12023): Found entity 13: nios_system_sdram_nios2_qsys_0_nios2_oci_compute_tm_count
    Info (12023): Found entity 14: nios_system_sdram_nios2_qsys_0_nios2_oci_fifowp_inc
    Info (12023): Found entity 15: nios_system_sdram_nios2_qsys_0_nios2_oci_fifocount_inc
    Info (12023): Found entity 16: nios_system_sdram_nios2_qsys_0_nios2_oci_fifo
    Info (12023): Found entity 17: nios_system_sdram_nios2_qsys_0_nios2_oci_pib
    Info (12023): Found entity 18: nios_system_sdram_nios2_qsys_0_nios2_oci_im
    Info (12023): Found entity 19: nios_system_sdram_nios2_qsys_0_nios2_performance_monitors
    Info (12023): Found entity 20: nios_system_sdram_nios2_qsys_0_nios2_oci
    Info (12023): Found entity 21: nios_system_sdram_nios2_qsys_0
Info (12021): Found 1 design units, including 1 entities, in source file db/ip/nios_system_sdram/submodules/nios_system_sdram_nios2_qsys_0_jtag_debug_module_sysclk.v
    Info (12023): Found entity 1: nios_system_sdram_nios2_qsys_0_jtag_debug_module_sysclk
Info (12021): Found 1 design units, including 1 entities, in source file db/ip/nios_system_sdram/submodules/nios_system_sdram_nios2_qsys_0_jtag_debug_module_tck.v
    Info (12023): Found entity 1: nios_system_sdram_nios2_qsys_0_jtag_debug_module_tck
Info (12021): Found 1 design units, including 1 entities, in source file db/ip/nios_system_sdram/submodules/nios_system_sdram_nios2_qsys_0_jtag_debug_module_wrapper.v
    Info (12023): Found entity 1: nios_system_sdram_nios2_qsys_0_jtag_debug_module_wrapper
Info (12021): Found 1 design units, including 1 entities, in source file db/ip/nios_system_sdram/submodules/nios_system_sdram_nios2_qsys_0_oci_test_bench.v
    Info (12023): Found entity 1: nios_system_sdram_nios2_qsys_0_oci_test_bench
Info (12021): Found 1 design units, including 1 entities, in source file db/ip/nios_system_sdram/submodules/nios_system_sdram_nios2_qsys_0_test_bench.v
    Info (12023): Found entity 1: nios_system_sdram_nios2_qsys_0_test_bench
Info (12021): Found 1 design units, including 1 entities, in source file db/ip/nios_system_sdram/submodules/nios_system_sdram_onchip_memory2_0.v
    Info (12023): Found entity 1: nios_system_sdram_onchip_memory2_0
Info (12021): Found 1 design units, including 1 entities, in source file db/ip/nios_system_sdram/submodules/nios_system_sdram_position_ligne.v
    Info (12023): Found entity 1: nios_system_sdram_position_ligne
Info (12021): Found 1 design units, including 1 entities, in source file db/ip/nios_system_sdram/submodules/nios_system_sdram_rsp_xbar_demux.sv
    Info (12023): Found entity 1: nios_system_sdram_rsp_xbar_demux
Info (12021): Found 1 design units, including 1 entities, in source file db/ip/nios_system_sdram/submodules/nios_system_sdram_rsp_xbar_demux_003.sv
    Info (12023): Found entity 1: nios_system_sdram_rsp_xbar_demux_003
Info (12021): Found 1 design units, including 1 entities, in source file db/ip/nios_system_sdram/submodules/nios_system_sdram_rsp_xbar_mux.sv
    Info (12023): Found entity 1: nios_system_sdram_rsp_xbar_mux
Info (12021): Found 1 design units, including 1 entities, in source file db/ip/nios_system_sdram/submodules/nios_system_sdram_rsp_xbar_mux_001.sv
    Info (12023): Found entity 1: nios_system_sdram_rsp_xbar_mux_001
Info (12021): Found 2 design units, including 2 entities, in source file db/ip/nios_system_sdram/submodules/nios_system_sdram_sdram.v
    Info (12023): Found entity 1: nios_system_sdram_sdram_input_efifo_module
    Info (12023): Found entity 2: nios_system_sdram_sdram
Info (12021): Found 1 design units, including 1 entities, in source file db/ip/nios_system_sdram/submodules/nios_system_sdram_switches.v
    Info (12023): Found entity 1: nios_system_sdram_switches
Error (10621): VHDL Use Clause error at ROBOT.vhd(258): more than one Use Clause imports a declaration of simple name "signed" -- none of the declarations are directly visible File: C:/Users/fchiha/Documents/Altera/ROBOT/ROBOT.vhd Line: 258
Error (10784): HDL error at numeric_std.vhd(66): see declaration for object "signed" File: c:/altera/13.0sp1/quartus/libraries/vhdl/ieee/numeric_std.vhd Line: 66
Error (10609): VHDL error at syn_arit.vhd(27): another match for "signed" File: c:/altera/13.0sp1/quartus/libraries/vhdl/synopsys/ieee/syn_arit.vhd Line: 27
Info (144001): Generated suppressed messages file C:/Users/fchiha/Documents/Altera/ROBOT/output_files/ROBOT.map.smsg
Error: Quartus II 32-bit Analysis & Synthesis was unsuccessful. 3 errors, 140 warnings
    Error: Peak virtual memory: 413 megabytes
    Error: Processing ended: Fri Mar 13 12:32:16 2026
    Error: Elapsed time: 00:00:38
    Error: Total CPU time (on all processors): 00:00:10


+------------------------------------------+
; Analysis & Synthesis Suppressed Messages ;
+------------------------------------------+
The suppressed messages can be found in C:/Users/fchiha/Documents/Altera/ROBOT/output_files/ROBOT.map.smsg.


