Flow report for ROBOT
Fri Feb 13 11:58:08 2026
Quartus II 32-bit Version 13.0.1 Build 232 06/12/2013 Service Pack 1 SJ Full Version


---------------------
; Table of Contents ;
---------------------
  1. Legal Notice
  2. Flow Summary
  3. Flow Settings
  4. Flow Non-Default Global Settings
  5. Flow Elapsed Time
  6. Flow OS Summary
  7. Flow Log
  8. Flow Messages
  9. Flow Suppressed Messages



----------------
; Legal Notice ;
----------------
Copyright (C) 1991-2013 Altera Corporation
Your use of Altera Corporation's design tools, logic functions 
and other software and tools, and its AMPP partner logic 
functions, and any output files from any of the foregoing 
(including device programming or simulation files), and any 
associated documentation or information are expressly subject 
to the terms and conditions of the Altera Program License 
Subscription Agreement, Altera MegaCore Function License 
Agreement, or other applicable license agreement, including, 
without limitation, that your use is for the sole purpose of 
programming logic devices manufactured by Altera and sold by 
Altera or its authorized distributors.  Please refer to the 
applicable agreement for further details.



+---------------------------------------------------------------------------------------+
; Flow Summary                                                                          ;
+------------------------------------+--------------------------------------------------+
; Flow Status                        ; Successful - Fri Feb 13 11:57:55 2026            ;
; Quartus II 32-bit Version          ; 13.0.1 Build 232 06/12/2013 SP 1 SJ Full Version ;
; Revision Name                      ; ROBOT                                            ;
; Top-level Entity Name              ; ROBOT                                            ;
; Family                             ; Cyclone IV E                                     ;
; Device                             ; EP4CE22F17C6                                     ;
; Timing Models                      ; Final                                            ;
; Total logic elements               ; 3,044 / 22,320 ( 14 % )                          ;
;     Total combinational functions  ; 2,658 / 22,320 ( 12 % )                          ;
;     Dedicated logic registers      ; 1,920 / 22,320 ( 9 % )                           ;
; Total registers                    ; 1989                                             ;
; Total pins                         ; 69 / 154 ( 45 % )                                ;
; Total virtual pins                 ; 0                                                ;
; Total memory bits                  ; 44,032 / 608,256 ( 7 % )                         ;
; Embedded Multiplier 9-bit elements ; 0 / 132 ( 0 % )                                  ;
; Total PLLs                         ; 1 / 4 ( 25 % )                                   ;
+------------------------------------+--------------------------------------------------+


+-----------------------------------------+
; Flow Settings                           ;
+-------------------+---------------------+
; Option            ; Setting             ;
+-------------------+---------------------+
; Start date & time ; 02/13/2026 11:56:39 ;
; Main task         ; Compilation         ;
; Revision Name     ; ROBOT               ;
+-------------------+---------------------+


+------------------------------------------------------------------------------------------------------------------------+
; Flow Non-Default Global Settings                                                                                       ;
+-------------------------------------+--------------------------------+---------------+--------------------+------------+
; Assignment Name                     ; Value                          ; Default Value ; Entity Name        ; Section Id ;
+-------------------------------------+--------------------------------+---------------+--------------------+------------+
; COMPILER_SIGNATURE_ID               ; 44829937156133.177098019824024 ; --            ; --                 ; --         ;
; MAX_CORE_JUNCTION_TEMP              ; 85                             ; --            ; --                 ; --         ;
; MIN_CORE_JUNCTION_TEMP              ; 0                              ; --            ; --                 ; --         ;
; PARTITION_COLOR                     ; 16764057                       ; --            ; DE0_NANO_SMART_CAR ; Top        ;
; PARTITION_COLOR                     ; 16764057                       ; --            ; --                 ; Top        ;
; PARTITION_FITTER_PRESERVATION_LEVEL ; PLACEMENT_AND_ROUTING          ; --            ; DE0_NANO_SMART_CAR ; Top        ;
; PARTITION_FITTER_PRESERVATION_LEVEL ; PLACEMENT_AND_ROUTING          ; --            ; --                 ; Top        ;
; PARTITION_NETLIST_TYPE              ; SOURCE                         ; --            ; DE0_NANO_SMART_CAR ; Top        ;
; PARTITION_NETLIST_TYPE              ; SOURCE                         ; --            ; --                 ; Top        ;
; PROJECT_OUTPUT_DIRECTORY            ; output_files                   ; --            ; --                 ; --         ;
+-------------------------------------+--------------------------------+---------------+--------------------+------------+


+-------------------------------------------------------------------------------------------------------------------------------+
; Flow Elapsed Time                                                                                                             ;
+---------------------------+--------------+-------------------------+---------------------+------------------------------------+
; Module Name               ; Elapsed Time ; Average Processors Used ; Peak Virtual Memory ; Total CPU Time (on all processors) ;
+---------------------------+--------------+-------------------------+---------------------+------------------------------------+
; Analysis & Synthesis      ; 00:00:52     ; 1.0                     ; 561 MB              ; 00:00:17                           ;
; Fitter                    ; 00:00:19     ; 4.8                     ; 910 MB              ; 00:00:14                           ;
; Assembler                 ; 00:00:10     ; 1.0                     ; 396 MB              ; 00:00:01                           ;
; TimeQuest Timing Analyzer ; 00:00:12     ; 1.0                     ; 522 MB              ; 00:00:02                           ;
; Total                     ; 00:01:33     ; --                      ; --                  ; 00:00:34                           ;
+---------------------------+--------------+-------------------------+---------------------+------------------------------------+


+----------------------------------------------------------------------------------------+
; Flow OS Summary                                                                        ;
+---------------------------+------------------+-----------+------------+----------------+
; Module Name               ; Machine Hostname ; OS Name   ; OS Version ; Processor type ;
+---------------------------+------------------+-----------+------------+----------------+
; Analysis & Synthesis      ; a-013835         ; Windows 7 ; 6.2        ; x86_64         ;
; Fitter                    ; a-013835         ; Windows 7 ; 6.2        ; x86_64         ;
; Assembler                 ; a-013835         ; Windows 7 ; 6.2        ; x86_64         ;
; TimeQuest Timing Analyzer ; a-013835         ; Windows 7 ; 6.2        ; x86_64         ;
+---------------------------+------------------+-----------+------------+----------------+


------------
; Flow Log ;
------------
quartus_map --read_settings_files=on --write_settings_files=off ROBOT -c ROBOT
quartus_fit --read_settings_files=off --write_settings_files=off ROBOT -c ROBOT
quartus_asm --read_settings_files=off --write_settings_files=off ROBOT -c ROBOT
quartus_sta ROBOT -c ROBOT



